<?xml version="1.0" encoding="UTF-8"?>
<!-- Generated by org.testng.reporters.JUnitReportReporter -->
<testsuite skipped="0" hostname="MSI" name="tests.RubyGemsTests" tests="4" failures="0" timestamp="21 Jun 2018 21:25:29 GMT" time="0.017" errors="0">
  <testcase name="whenSearchingForDependency2" time="0.000" classname="tests.RubyGemsTests"/>
  <testcase name="whenSearchingForDependency3" time="0.001" classname="tests.RubyGemsTests"/>
  <testcase name="whenSearchingForDependency1" time="0.015" classname="tests.RubyGemsTests"/>
  <testcase name="whenSearchingForauthors" time="0.001" classname="tests.RubyGemsTests"/>
</testsuite> <!-- tests.RubyGemsTests -->
