<?xml version="1.0" encoding="UTF-8"?>
<!-- Generated by org.testng.reporters.JUnitReportReporter -->
<testsuite skipped="0" hostname="MSI" name="tests.TwitterTests" tests="1" failures="0" timestamp="21 Jun 2018 21:25:29 GMT" time="13.459" errors="0">
  <testcase name="whenPostingHelloWorld" time="13.459" classname="tests.TwitterTests"/>
</testsuite> <!-- tests.TwitterTests -->
